  StringUtility.cpp
  DirectXCommon.cpp
  WinApp.cpp
  GameScene.cpp
  TextureManager.cpp
  ImGuiManager.cpp
  Novice.cpp
  main.cpp
  PG3-05_-1.vcxproj -> C:\Users\k023g\OneDrive\デスクトップ\PG3\Generated\Outputs\Debug\PG3-05_-1.exe
  C:\KamataEngine\DirectXGame\Resources\cube.jpg
  C:\KamataEngine\DirectXGame\Resources\cube.mtl
  C:\KamataEngine\DirectXGame\Resources\cube.obj
  C:\KamataEngine\DirectXGame\Resources\debugfont.png
  C:\KamataEngine\DirectXGame\Resources\fanfare.wav
  C:\KamataEngine\DirectXGame\Resources\kamata.ico
  C:\KamataEngine\DirectXGame\Resources\map.csv
  C:\KamataEngine\DirectXGame\Resources\mario.jpg
  C:\KamataEngine\DirectXGame\Resources\mokugyo.wav
  C:\KamataEngine\DirectXGame\Resources\sample.png
  C:\KamataEngine\DirectXGame\Resources\Skydome.mtl
  C:\KamataEngine\DirectXGame\Resources\tex1.png
  C:\KamataEngine\DirectXGame\Resources\uvChecker.png
  C:\KamataEngine\DirectXGame\Resources\white1x1.png
  C:\KamataEngine\DirectXGame\Resources\axis\axis.jpg
  C:\KamataEngine\DirectXGame\Resources\axis\axis.mtl
  C:\KamataEngine\DirectXGame\Resources\axis\axis.obj
  C:\KamataEngine\DirectXGame\Resources\cube\cube.jpg
  C:\KamataEngine\DirectXGame\Resources\cube\cube.mtl
  C:\KamataEngine\DirectXGame\Resources\cube\cube.obj
  C:\KamataEngine\DirectXGame\Resources\shaders\Obj.hlsli
  C:\KamataEngine\DirectXGame\Resources\shaders\ObjPS.hlsl
  C:\KamataEngine\DirectXGame\Resources\shaders\ObjVS.hlsl
  C:\KamataEngine\DirectXGame\Resources\shaders\Primitive.hlsli
  C:\KamataEngine\DirectXGame\Resources\shaders\PrimitivePS.hlsl
  C:\KamataEngine\DirectXGame\Resources\shaders\PrimitiveVS.hlsl
  C:\KamataEngine\DirectXGame\Resources\shaders\Shape.hlsli
  C:\KamataEngine\DirectXGame\Resources\shaders\ShapePS.hlsl
  C:\KamataEngine\DirectXGame\Resources\shaders\ShapeSRGBOutputPS.hlsl
  C:\KamataEngine\DirectXGame\Resources\shaders\ShapeVS.hlsl
  C:\KamataEngine\DirectXGame\Resources\shaders\Sprite.hlsli
  C:\KamataEngine\DirectXGame\Resources\shaders\SpritePS.hlsl
  C:\KamataEngine\DirectXGame\Resources\shaders\SpriteSRGBOutputPS.hlsl
  C:\KamataEngine\DirectXGame\Resources\shaders\SpriteVS.hlsl
  C:\KamataEngine\DirectXGame\Resources\shaders\Terrain.hlsli
  C:\KamataEngine\DirectXGame\Resources\shaders\TerrainPS.hlsl
  C:\KamataEngine\DirectXGame\Resources\shaders\TerrainVS.hlsl
  C:\KamataEngine\DirectXGame\Resources\shaders - コピー\Obj.hlsli
  C:\KamataEngine\DirectXGame\Resources\shaders - コピー\ObjPS.hlsl
  C:\KamataEngine\DirectXGame\Resources\shaders - コピー\ObjVS.hlsl
  C:\KamataEngine\DirectXGame\Resources\shaders - コピー\Primitive.hlsli
  C:\KamataEngine\DirectXGame\Resources\shaders - コピー\PrimitivePS.hlsl
  C:\KamataEngine\DirectXGame\Resources\shaders - コピー\PrimitiveVS.hlsl
  C:\KamataEngine\DirectXGame\Resources\shaders - コピー\Shape.hlsli
  C:\KamataEngine\DirectXGame\Resources\shaders - コピー\ShapePS.hlsl
  C:\KamataEngine\DirectXGame\Resources\shaders - コピー\ShapeVS.hlsl
  C:\KamataEngine\DirectXGame\Resources\shaders - コピー\Sprite.hlsli
  C:\KamataEngine\DirectXGame\Resources\shaders - コピー\SpritePS.hlsl
  C:\KamataEngine\DirectXGame\Resources\shaders - コピー\SpriteVS.hlsl
  C:\KamataEngine\DirectXGame\Resources\shaders - コピー\Terrain.hlsli
  C:\KamataEngine\DirectXGame\Resources\shaders - コピー\TerrainPS.hlsl
  C:\KamataEngine\DirectXGame\Resources\shaders - コピー\TerrainVS.hlsl
  C:\KamataEngine\DirectXGame\Resources\SkyDome\sample.png
  C:\KamataEngine\DirectXGame\Resources\SkyDome\SkyDome.mtl
  C:\KamataEngine\DirectXGame\Resources\SkyDome\SkyDome.obj
  55 個のファイルをコピーしました
  C:\KamataEngine\DirectXGame\Resources\cube.jpg
  C:\KamataEngine\DirectXGame\Resources\cube.mtl
  C:\KamataEngine\DirectXGame\Resources\cube.obj
  C:\KamataEngine\DirectXGame\Resources\debugfont.png
  C:\KamataEngine\DirectXGame\Resources\fanfare.wav
  C:\KamataEngine\DirectXGame\Resources\kamata.ico
  C:\KamataEngine\DirectXGame\Resources\map.csv
  C:\KamataEngine\DirectXGame\Resources\mario.jpg
  C:\KamataEngine\DirectXGame\Resources\mokugyo.wav
  C:\KamataEngine\DirectXGame\Resources\sample.png
  C:\KamataEngine\DirectXGame\Resources\Skydome.mtl
  C:\KamataEngine\DirectXGame\Resources\tex1.png
  C:\KamataEngine\DirectXGame\Resources\uvChecker.png
  C:\KamataEngine\DirectXGame\Resources\white1x1.png
  C:\KamataEngine\DirectXGame\Resources\axis\axis.jpg
  C:\KamataEngine\DirectXGame\Resources\axis\axis.mtl
  C:\KamataEngine\DirectXGame\Resources\axis\axis.obj
  C:\KamataEngine\DirectXGame\Resources\cube\cube.jpg
  C:\KamataEngine\DirectXGame\Resources\cube\cube.mtl
  C:\KamataEngine\DirectXGame\Resources\cube\cube.obj
  C:\KamataEngine\DirectXGame\Resources\shaders\Obj.hlsli
  C:\KamataEngine\DirectXGame\Resources\shaders\ObjPS.hlsl
  C:\KamataEngine\DirectXGame\Resources\shaders\ObjVS.hlsl
  C:\KamataEngine\DirectXGame\Resources\shaders\Primitive.hlsli
  C:\KamataEngine\DirectXGame\Resources\shaders\PrimitivePS.hlsl
  C:\KamataEngine\DirectXGame\Resources\shaders\PrimitiveVS.hlsl
  C:\KamataEngine\DirectXGame\Resources\shaders\Shape.hlsli
  C:\KamataEngine\DirectXGame\Resources\shaders\ShapePS.hlsl
  C:\KamataEngine\DirectXGame\Resources\shaders\ShapeSRGBOutputPS.hlsl
  C:\KamataEngine\DirectXGame\Resources\shaders\ShapeVS.hlsl
  C:\KamataEngine\DirectXGame\Resources\shaders\Sprite.hlsli
  C:\KamataEngine\DirectXGame\Resources\shaders\SpritePS.hlsl
  C:\KamataEngine\DirectXGame\Resources\shaders\SpriteSRGBOutputPS.hlsl
  C:\KamataEngine\DirectXGame\Resources\shaders\SpriteVS.hlsl
  C:\KamataEngine\DirectXGame\Resources\shaders\Terrain.hlsli
  C:\KamataEngine\DirectXGame\Resources\shaders\TerrainPS.hlsl
  C:\KamataEngine\DirectXGame\Resources\shaders\TerrainVS.hlsl
  C:\KamataEngine\DirectXGame\Resources\shaders - コピー\Obj.hlsli
  C:\KamataEngine\DirectXGame\Resources\shaders - コピー\ObjPS.hlsl
  C:\KamataEngine\DirectXGame\Resources\shaders - コピー\ObjVS.hlsl
  C:\KamataEngine\DirectXGame\Resources\shaders - コピー\Primitive.hlsli
  C:\KamataEngine\DirectXGame\Resources\shaders - コピー\PrimitivePS.hlsl
  C:\KamataEngine\DirectXGame\Resources\shaders - コピー\PrimitiveVS.hlsl
  C:\KamataEngine\DirectXGame\Resources\shaders - コピー\Shape.hlsli
  C:\KamataEngine\DirectXGame\Resources\shaders - コピー\ShapePS.hlsl
  C:\KamataEngine\DirectXGame\Resources\shaders - コピー\ShapeVS.hlsl
  C:\KamataEngine\DirectXGame\Resources\shaders - コピー\Sprite.hlsli
  C:\KamataEngine\DirectXGame\Resources\shaders - コピー\SpritePS.hlsl
  C:\KamataEngine\DirectXGame\Resources\shaders - コピー\SpriteVS.hlsl
  C:\KamataEngine\DirectXGame\Resources\shaders - コピー\Terrain.hlsli
  C:\KamataEngine\DirectXGame\Resources\shaders - コピー\TerrainPS.hlsl
  C:\KamataEngine\DirectXGame\Resources\shaders - コピー\TerrainVS.hlsl
  C:\KamataEngine\DirectXGame\Resources\SkyDome\sample.png
  C:\KamataEngine\DirectXGame\Resources\SkyDome\SkyDome.mtl
  C:\KamataEngine\DirectXGame\Resources\SkyDome\SkyDome.obj
  55 個のファイルをコピーしました
